#
# There is insufficient memory for the Java Runtime Environment to continue.
# Native memory allocation (malloc) failed to allocate 1323216 bytes for Chunk::new
# Possible reasons:
#   The system is out of physical RAM or swap space
#   In 32 bit mode, the process size limit was hit
# Possible solutions:
#   Reduce memory load on the system
#   Increase physical memory or swap space
#   Check if swap backing store is full
#   Use 64 bit Java on a 64 bit OS
#   Decrease Java heap size (-Xmx/-Xms)
#   Decrease number of Java threads
#   Decrease Java thread stack sizes (-Xss)
#   Set larger code cache with -XX:ReservedCodeCacheSize=
# This output file may be truncated or incomplete.
#
#  Out of Memory Error (allocation.cpp:390), pid=5140, tid=0x0000000000001ecc
#
# JRE version: Java(TM) SE Runtime Environment (8.0_141-b15) (build 1.8.0_141-b15)
# Java VM: Java HotSpot(TM) 64-Bit Server VM (25.141-b15 mixed mode windows-amd64 compressed oops)
# Failed to write core dump. Minidumps are not enabled by default on client versions of Windows
#

---------------  T H R E A D  ---------------

Current thread (0x0000000014634000):  JavaThread "C2 CompilerThread1" daemon [_thread_in_native, id=7884, stack(0x0000000015d80000,0x0000000015e80000)]

Stack: [0x0000000015d80000,0x0000000015e80000]
[error occurred during error reporting (printing stack bounds), id 0xc0000005]

Native frames: (J=compiled Java code, j=interpreted, Vv=VM code, C=native code)


Current CompileTask:
C2: 954449 10965       4       org.gradle.internal.service.DefaultServiceRegistry$OwnServices$ProviderAnalyser::analyseType (78 bytes)


---------------  P R O C E S S  ---------------

Java Threads: ( => current thread )
  0x000000001a46a800 JavaThread "Cache worker for file hash cache (C:\Users\Vidya\Desktop\MobileApp\Test\android\.gradle\5.5\fileHashes)" [_thread_blocked, id=8860, stack(0x0000000018ed0000,0x0000000018fd0000)]
  0x000000001a469000 JavaThread "Thread-35" [_thread_blocked, id=6836, stack(0x0000000018bd0000,0x0000000018cd0000)]
  0x000000001a466000 JavaThread "Stdin handler" [_thread_blocked, id=6664, stack(0x0000000018ad0000,0x0000000018bd0000)]
  0x000000001a460000 JavaThread "Asynchronous log dispatcher for DefaultDaemonConnection: socket connection from /127.0.0.1:52258 to /127.0.0.1:52851" [_thread_blocked, id=9700, stack(0x00000000189d0000,0x0000000018ad0000)]
  0x000000001a465800 JavaThread "Daemon worker Thread 2" [_thread_in_native, id=2896, stack(0x00000000188d0000,0x00000000189d0000)]
  0x000000001a467000 JavaThread "Cancel handler" [_thread_blocked, id=4832, stack(0x00000000187d0000,0x00000000188d0000)]
  0x000000001a464000 JavaThread "Handler for socket connection from /127.0.0.1:52258 to /127.0.0.1:52851" [_thread_in_native, id=11456, stack(0x00000000186d0000,0x00000000187d0000)]
  0x000000001a462800 JavaThread "Daemon Thread 2" [_thread_blocked, id=9412, stack(0x0000000001620000,0x0000000001720000)]
  0x000000001a46d800 JavaThread "Device List Monitor" [_thread_in_native, id=8876, stack(0x0000000023bd0000,0x0000000023cd0000)]
  0x000000001a46a000 JavaThread "Monitor" [_thread_in_native, id=3608, stack(0x00000000218e0000,0x00000000219e0000)]
  0x000000001a468800 JavaThread "Cache worker for file content cache (C:\Users\Vidya\.gradle\caches\5.5\fileContent)" [_thread_blocked, id=7544, stack(0x0000000020ee0000,0x0000000020fe0000)]
  0x000000001a467800 JavaThread "Memory manager" [_thread_blocked, id=2812, stack(0x00000000204e0000,0x00000000205e0000)]
  0x00000000168a0000 JavaThread "Cache worker for execution history cache (C:\Users\Vidya\.gradle\caches\5.5\executionHistory)" [_thread_blocked, id=5360, stack(0x000000001d440000,0x000000001d540000)]
  0x00000000168a4000 JavaThread "Cache worker for journal cache (C:\Users\Vidya\.gradle\caches\journal-1)" [_thread_blocked, id=8788, stack(0x00000000191d0000,0x00000000192d0000)]
  0x00000000168a4800 JavaThread "File lock request listener" [_thread_in_native, id=2292, stack(0x00000000190d0000,0x00000000191d0000)]
  0x00000000168a3000 JavaThread "Cache worker for file hash cache (C:\Users\Vidya\.gradle\caches\5.5\fileHashes)" [_thread_blocked, id=3020, stack(0x0000000018fd0000,0x00000000190d0000)]
  0x0000000017046000 JavaThread "Daemon periodic checks" [_thread_blocked, id=6140, stack(0x00000000185d0000,0x00000000186d0000)]
  0x0000000015f80800 JavaThread "Incoming local TCP Connector on port 52258" [_thread_in_native, id=2232, stack(0x0000000018390000,0x0000000018490000)]
  0x0000000017542800 JavaThread "Daemon health stats" [_thread_blocked, id=8016, stack(0x0000000017d50000,0x0000000017e50000)]
  0x0000000015f89000 JavaThread "Service Thread" daemon [_thread_blocked, id=11700, stack(0x0000000016380000,0x0000000016480000)]
  0x0000000014689000 JavaThread "C1 CompilerThread2" daemon [_thread_blocked, id=9516, stack(0x0000000015e80000,0x0000000015f80000)]
=>0x0000000014634000 JavaThread "C2 CompilerThread1" daemon [_thread_in_native, id=7884, stack(0x0000000015d80000,0x0000000015e80000)]
  0x0000000014631000 JavaThread "C2 CompilerThread0" daemon [_thread_blocked, id=7264, stack(0x0000000015c80000,0x0000000015d80000)]
  0x000000001462f000 JavaThread "Attach Listener" daemon [_thread_blocked, id=6632, stack(0x0000000015b80000,0x0000000015c80000)]
  0x000000001462e800 JavaThread "Signal Dispatcher" daemon [_thread_blocked, id=5212, stack(0x0000000015a80000,0x0000000015b80000)]
  0x000000000320c000 JavaThread "Finalizer" daemon [_thread_blocked, id=9468, stack(0x0000000015880000,0x0000000015980000)]
  0x0000000003201000 JavaThread "Reference Handler" daemon [_thread_blocked, id=10744, stack(0x0000000015780000,0x0000000015880000)]
  0x0000000003112800 JavaThread "main" [_thread_blocked, id=8824, stack(0x0000000002f30000,0x0000000003030000)]

Other Threads:
  0x00000000145f8000 VMThread [stack: 0x0000000015680000,0x0000000015780000] [id=3888]
  0x0000000015fad000 WatcherThread [stack: 0x0000000016480000,0x0000000016580000] [id=9656]

VM state:not at safepoint (normal execution)

VM Mutex/Monitor currently owned by a thread: None

Heap:
 PSYoungGen      total 146432K, used 33757K [0x00000000f5580000, 0x0000000100000000, 0x0000000100000000)
  eden space 118272K, 16% used [0x00000000f5580000,0x00000000f68c0508,0x00000000fc900000)
  from space 28160K, 49% used [0x00000000fc900000,0x00000000fd6b70c8,0x00000000fe480000)
  to   space 27136K, 0% used [0x00000000fe580000,0x00000000fe580000,0x0000000100000000)
 ParOldGen       total 175104K, used 49562K [0x00000000e0000000, 0x00000000eab00000, 0x00000000f5580000)
  object space 175104K, 28% used [0x00000000e0000000,0x00000000e3066b08,0x00000000eab00000)
 Metaspace       used 74572K, capacity 77574K, committed 77844K, reserved 1116160K
  class space    used 10007K, capacity 10749K, committed 10772K, reserved 1048576K

Card table byte_map: [0x00000000125d0000,0x00000000126e0000] byte_map_base: 0x0000000011ed0000

Marking Bits: (ParMarkBitMap*) 0x00000000601fd850
 Begin Bits: [0x0000000012b90000, 0x0000000013390000)
 End Bits:   [0x0000000013390000, 0x0000000013b90000)

Polling page: 0x0000000001900000

CodeCache: size=245760Kb used=29965Kb max_used=29968Kb free=215794Kb
 bounds [0x0000000003210000, 0x0000000004fc0000, 0x0000000012210000]
 total_blobs=10095 nmethods=9234 adapters=771
 compilation: enabled

Compilation events (10 events):
Event: 954.233 Thread 0x0000000014689000 10973       3       java.lang.ProcessEnvironment$CheckedEntrySet$1::next (20 bytes)
Event: 954.234 Thread 0x0000000014689000 nmethod 10973 0x0000000004de4590 code [0x0000000004de4720, 0x0000000004de4b68]
Event: 954.234 Thread 0x0000000014689000 10974       3       java.lang.ProcessEnvironment$CheckedEntry::<init> (10 bytes)
Event: 954.234 Thread 0x0000000014689000 nmethod 10974 0x0000000004de41d0 code [0x0000000004de4320, 0x0000000004de44f0]
Event: 954.234 Thread 0x0000000014689000 10975       3       java.util.Hashtable$Enumerator::hasNext (5 bytes)
Event: 954.234 Thread 0x0000000014689000 nmethod 10975 0x0000000004de3e10 code [0x0000000004de3f80, 0x0000000004de4128]
Event: 954.291 Thread 0x0000000014689000 10976       3       java.io.FileDescriptor$1::setHandle (7 bytes)
Event: 954.291 Thread 0x0000000014689000 nmethod 10976 0x0000000004155910 code [0x0000000004155a80, 0x0000000004155c30]
Event: 954.292 Thread 0x0000000014689000 10977       3       java.io.FileDescriptor::access$102 (7 bytes)
Event: 954.292 Thread 0x0000000014689000 nmethod 10977 0x0000000004a9c7d0 code [0x0000000004a9c920, 0x0000000004a9ca50]

GC Heap History (10 events):
Event: 84.330 GC heap before
{Heap before GC invocations=14 (full 3):
 PSYoungGen      total 98816K, used 80384K [0x00000000f5580000, 0x00000000fee00000, 0x0000000100000000)
  eden space 80384K, 100% used [0x00000000f5580000,0x00000000fa400000,0x00000000fa400000)
  from space 18432K, 0% used [0x00000000fb780000,0x00000000fb780000,0x00000000fc980000)
  to   space 19968K, 0% used [0x00000000fa400000,0x00000000fa400000,0x00000000fb780000)
 ParOldGen       total 175104K, used 32396K [0x00000000e0000000, 0x00000000eab00000, 0x00000000f5580000)
  object space 175104K, 18% used [0x00000000e0000000,0x00000000e1fa3158,0x00000000eab00000)
 Metaspace       used 61057K, capacity 63094K, committed 63380K, reserved 1103872K
  class space    used 8458K, capacity 9023K, committed 9108K, reserved 1048576K
Event: 84.339 GC heap after
Heap after GC invocations=14 (full 3):
 PSYoungGen      total 100352K, used 9502K [0x00000000f5580000, 0x00000000fe580000, 0x0000000100000000)
  eden space 80384K, 0% used [0x00000000f5580000,0x00000000f5580000,0x00000000fa400000)
  from space 19968K, 47% used [0x00000000fa400000,0x00000000fad47800,0x00000000fb780000)
  to   space 19456K, 0% used [0x00000000fd280000,0x00000000fd280000,0x00000000fe580000)
 ParOldGen       total 175104K, used 32404K [0x00000000e0000000, 0x00000000eab00000, 0x00000000f5580000)
  object space 175104K, 18% used [0x00000000e0000000,0x00000000e1fa5158,0x00000000eab00000)
 Metaspace       used 61057K, capacity 63094K, committed 63380K, reserved 1103872K
  class space    used 8458K, capacity 9023K, committed 9108K, reserved 1048576K
}
Event: 89.995 GC heap before
{Heap before GC invocations=15 (full 3):
 PSYoungGen      total 100352K, used 89886K [0x00000000f5580000, 0x00000000fe580000, 0x0000000100000000)
  eden space 80384K, 100% used [0x00000000f5580000,0x00000000fa400000,0x00000000fa400000)
  from space 19968K, 47% used [0x00000000fa400000,0x00000000fad47800,0x00000000fb780000)
  to   space 19456K, 0% used [0x00000000fd280000,0x00000000fd280000,0x00000000fe580000)
 ParOldGen       total 175104K, used 32404K [0x00000000e0000000, 0x00000000eab00000, 0x00000000f5580000)
  object space 175104K, 18% used [0x00000000e0000000,0x00000000e1fa5158,0x00000000eab00000)
 Metaspace       used 65732K, capacity 67990K, committed 68372K, reserved 1107968K
  class space    used 9049K, capacity 9657K, committed 9748K, reserved 1048576K
Event: 90.010 GC heap after
Heap after GC invocations=15 (full 3):
 PSYoungGen      total 125952K, used 16338K [0x00000000f5580000, 0x00000000fe580000, 0x0000000100000000)
  eden space 106496K, 0% used [0x00000000f5580000,0x00000000f5580000,0x00000000fbd80000)
  from space 19456K, 83% used [0x00000000fd280000,0x00000000fe274b28,0x00000000fe580000)
  to   space 20480K, 0% used [0x00000000fbd80000,0x00000000fbd80000,0x00000000fd180000)
 ParOldGen       total 175104K, used 32412K [0x00000000e0000000, 0x00000000eab00000, 0x00000000f5580000)
  object space 175104K, 18% used [0x00000000e0000000,0x00000000e1fa7158,0x00000000eab00000)
 Metaspace       used 65732K, capacity 67990K, committed 68372K, reserved 1107968K
  class space    used 9049K, capacity 9657K, committed 9748K, reserved 1048576K
}
Event: 95.393 GC heap before
{Heap before GC invocations=16 (full 3):
 PSYoungGen      total 125952K, used 122834K [0x00000000f5580000, 0x00000000fe580000, 0x0000000100000000)
  eden space 106496K, 100% used [0x00000000f5580000,0x00000000fbd80000,0x00000000fbd80000)
  from space 19456K, 83% used [0x00000000fd280000,0x00000000fe274b28,0x00000000fe580000)
  to   space 20480K, 0% used [0x00000000fbd80000,0x00000000fbd80000,0x00000000fd180000)
 ParOldGen       total 175104K, used 32412K [0x00000000e0000000, 0x00000000eab00000, 0x00000000f5580000)
  object space 175104K, 18% used [0x00000000e0000000,0x00000000e1fa7158,0x00000000eab00000)
 Metaspace       used 68677K, capacity 71376K, committed 71700K, reserved 1110016K
  class space    used 9444K, capacity 10144K, committed 10260K, reserved 1048576K
Event: 95.413 GC heap after
Heap after GC invocations=16 (full 3):
 PSYoungGen      total 126976K, used 20452K [0x00000000f5580000, 0x0000000100000000, 0x0000000100000000)
  eden space 106496K, 0% used [0x00000000f5580000,0x00000000f5580000,0x00000000fbd80000)
  from space 20480K, 99% used [0x00000000fbd80000,0x00000000fd179290,0x00000000fd180000)
  to   space 24064K, 0% used [0x00000000fe880000,0x00000000fe880000,0x0000000100000000)
 ParOldGen       total 175104K, used 36262K [0x00000000e0000000, 0x00000000eab00000, 0x00000000f5580000)
  object space 175104K, 20% used [0x00000000e0000000,0x00000000e2369880,0x00000000eab00000)
 Metaspace       used 68677K, capacity 71376K, committed 71700K, reserved 1110016K
  class space    used 9444K, capacity 10144K, committed 10260K, reserved 1048576K
}
Event: 98.295 GC heap before
{Heap before GC invocations=17 (full 3):
 PSYoungGen      total 126976K, used 126948K [0x00000000f5580000, 0x0000000100000000, 0x0000000100000000)
  eden space 106496K, 100% used [0x00000000f5580000,0x00000000fbd80000,0x00000000fbd80000)
  from space 20480K, 99% used [0x00000000fbd80000,0x00000000fd179290,0x00000000fd180000)
  to   space 24064K, 0% used [0x00000000fe880000,0x00000000fe880000,0x0000000100000000)
 ParOldGen       total 175104K, used 36262K [0x00000000e0000000, 0x00000000eab00000, 0x00000000f5580000)
  object space 175104K, 20% used [0x00000000e0000000,0x00000000e2369880,0x00000000eab00000)
 Metaspace       used 70491K, capacity 73322K, committed 73364K, reserved 1112064K
  class space    used 9664K, capacity 10379K, committed 10388K, reserved 1048576K
Event: 98.321 GC heap after
Heap after GC invocations=17 (full 3):
 PSYoungGen      total 142336K, used 24057K [0x00000000f5580000, 0x0000000100000000, 0x0000000100000000)
  eden space 118272K, 0% used [0x00000000f5580000,0x00000000f5580000,0x00000000fc900000)
  from space 24064K, 99% used [0x00000000fe880000,0x00000000ffffe720,0x0000000100000000)
  to   space 28160K, 0% used [0x00000000fc900000,0x00000000fc900000,0x00000000fe480000)
 ParOldGen       total 175104K, used 39253K [0x00000000e0000000, 0x00000000eab00000, 0x00000000f5580000)
  object space 175104K, 22% used [0x00000000e0000000,0x00000000e2655568,0x00000000eab00000)
 Metaspace       used 70491K, capacity 73322K, committed 73364K, reserved 1112064K
  class space    used 9664K, capacity 10379K, committed 10388K, reserved 1048576K
}
Event: 127.677 GC heap before
{Heap before GC invocations=18 (full 3):
 PSYoungGen      total 142336K, used 142329K [0x00000000f5580000, 0x0000000100000000, 0x0000000100000000)
  eden space 118272K, 100% used [0x00000000f5580000,0x00000000fc900000,0x00000000fc900000)
  from space 24064K, 99% used [0x00000000fe880000,0x00000000ffffe720,0x0000000100000000)
  to   space 28160K, 0% used [0x00000000fc900000,0x00000000fc900000,0x00000000fe480000)
 ParOldGen       total 175104K, used 39253K [0x00000000e0000000, 0x00000000eab00000, 0x00000000f5580000)
  object space 175104K, 22% used [0x00000000e0000000,0x00000000e2655568,0x00000000eab00000)
 Metaspace       used 72258K, capacity 75290K, committed 75412K, reserved 1114112K
  class space    used 9870K, capacity 10587K, committed 10644K, reserved 1048576K
Event: 127.696 GC heap after
Heap after GC invocations=18 (full 3):
 PSYoungGen      total 146432K, used 14044K [0x00000000f5580000, 0x0000000100000000, 0x0000000100000000)
  eden space 118272K, 0% used [0x00000000f5580000,0x00000000f5580000,0x00000000fc900000)
  from space 28160K, 49% used [0x00000000fc900000,0x00000000fd6b70c8,0x00000000fe480000)
  to   space 27136K, 0% used [0x00000000fe580000,0x00000000fe580000,0x0000000100000000)
 ParOldGen       total 175104K, used 49562K [0x00000000e0000000, 0x00000000eab00000, 0x00000000f5580000)
  object space 175104K, 28% used [0x00000000e0000000,0x00000000e3066b08,0x00000000eab00000)
 Metaspace       used 72258K, capacity 75290K, committed 75412K, reserved 1114112K
  class space    used 9870K, capacity 10587K, committed 10644K, reserved 1048576K
}

Deoptimization events (10 events):
Event: 127.503 Thread 0x0000000015f86800 Uncommon trap: reason=unstable_if action=reinterpret pc=0x0000000004d6dfe0 method=com.esotericsoftware.kryo.io.Input.require(I)I @ 180
Event: 127.504 Thread 0x0000000015f86000 Uncommon trap: reason=unstable_if action=reinterpret pc=0x00000000041aafcc method=java.util.HashMap$HashIterator.<init>(Ljava/util/HashMap;)V @ 45
Event: 127.696 Thread 0x0000000003201000 Uncommon trap: reason=unstable_if action=reinterpret pc=0x0000000003df00b4 method=java.lang.ref.Reference.tryHandlePending(Z)Z @ 20
Event: 954.101 Thread 0x0000000015f80800 Uncommon trap: reason=unstable_if action=reinterpret pc=0x00000000044ba52c method=java.text.SimpleDateFormat.zeroPaddingNumber(IIILjava/lang/StringBuffer;)V @ 41
Event: 954.103 Thread 0x000000001a462800 Uncommon trap: reason=class_check action=maybe_recompile pc=0x00000000035ea7e4 method=java.util.concurrent.LinkedBlockingQueue.poll(JLjava/util/concurrent/TimeUnit;)Ljava/lang/Object; @ 8
Event: 954.127 Thread 0x000000001a464000 Uncommon trap: reason=class_check action=maybe_recompile pc=0x0000000004beba18 method=sun.nio.ch.IOUtil.read(Ljava/io/FileDescriptor;Ljava/nio/ByteBuffer;JLsun/nio/ch/NativeDispatcher;)I @ 1
Event: 954.130 Thread 0x000000001a462800 Uncommon trap: reason=unstable_if action=reinterpret pc=0x0000000004f739d8 method=org.gradle.internal.logging.sink.LogEventDispatcher.onOutput(Lorg/gradle/internal/logging/events/OutputEvent;)V @ 35
Event: 954.141 Thread 0x000000001a465800 Uncommon trap: reason=unstable_if action=reinterpret pc=0x000000000492b8e8 method=org.gradle.cache.internal.DefaultCrossBuildInMemoryCacheFactory$DefaultCrossBuildInMemoryCache.getIfPresent(Ljava/lang/Object;)Ljava/lang/Object; @ 32
Event: 954.175 Thread 0x000000001a465800 Uncommon trap: reason=unstable_if action=reinterpret pc=0x00000000048da1a8 method=org.gradle.cache.internal.DefaultCrossBuildInMemoryCacheFactory$DefaultCrossBuildInMemoryCache.getIfPresent(Ljava/lang/Object;)Ljava/lang/Object; @ 32
Event: 954.231 Thread 0x000000001a465800 Uncommon trap: reason=unstable_if action=reinterpret pc=0x0000000004da0df4 method=org.gradle.internal.logging.sink.OutputEventTransformer.onOutput(Lorg/gradle/internal/logging/events/OutputEvent;)V @ 84

Internal exceptions (10 events):
Event: 95.149 Thread 0x000000001a462800 Exception <a 'java/lang/ClassNotFoundException': java/io/BufferedWriterCustomizer> (0x00000000fba6ba68) thrown at [C:\re\workspace\8-2-build-windows-amd64-cygwin\jdk8u141\9370\hotspot\src\share\vm\classfile\systemDictionary.cpp, line 210]
Event: 96.388 Thread 0x000000001a461800 Implicit null exception at 0x00000000043c604c to 0x00000000043c60bd
Event: 96.410 Thread 0x000000001a461800 Exception <a 'java/lang/NoSuchMethodError': <clinit>> (0x00000000f74f6c88) thrown at [C:\re\workspace\8-2-build-windows-amd64-cygwin\jdk8u141\9370\hotspot\src\share\vm\prims\jni.cpp, line 1613]
Event: 97.441 Thread 0x000000001a462800 Implicit null exception at 0x00000000037cd0ea to 0x00000000037cd35d
Event: 97.911 Thread 0x000000001a462800 Exception <a 'java/lang/NoSuchMethodError': java.lang.Object.lambda$asRunnable$0(Lcom/android/tools/build/apkzlib/utils/IOExceptionRunnable;)V> (0x00000000fae84d98) thrown at [C:\re\workspace\8-2-build-windows-amd64-cygwin\jdk8u141\9370\hotspot\src\share\
Event: 97.932 Thread 0x000000001a462800 Exception <a 'java/lang/NoSuchMethodError': java.lang.Object.lambda$and$0(Ljava/util/function/Predicate;Ljava/lang/Object;)Z> (0x00000000faeea980) thrown at [C:\re\workspace\8-2-build-windows-amd64-cygwin\jdk8u141\9370\hotspot\src\share\vm\interpreter\lin
Event: 97.978 Thread 0x000000001a462800 Exception <a 'java/lang/NoSuchMethodError': java.lang.Object.newSystemTemporaryDirectory()Lcom/android/tools/build/apkzlib/bytestorage/TemporaryDirectory;> (0x00000000fb01b338) thrown at [C:\re\workspace\8-2-build-windows-amd64-cygwin\jdk8u141\9370\hotspo
Event: 112.288 Thread 0x000000001a462800 Exception <a 'java/lang/NoSuchMethodError': <clinit>> (0x00000000faf4c338) thrown at [C:\re\workspace\8-2-build-windows-amd64-cygwin\jdk8u141\9370\hotspot\src\share\vm\prims\jni.cpp, line 1613]
Event: 127.284 Thread 0x0000000016f6d000 Implicit null exception at 0x0000000004c8702c to 0x0000000004c87075
Event: 954.231 Thread 0x000000001a465800 Implicit null exception at 0x0000000004d9a967 to 0x0000000004da0de5

Events (10 events):
Event: 954.231 Thread 0x000000001a465800 DEOPT PACKING pc=0x0000000004da0df4 sp=0x00000000189cd6d0
Event: 954.231 Thread 0x000000001a465800 DEOPT UNPACKING pc=0x000000000325582a sp=0x00000000189cd6e0 mode 2
Event: 954.231 Executing VM operation: RevokeBias
Event: 954.231 Executing VM operation: RevokeBias done
Event: 954.231 Executing VM operation: RevokeBias
Event: 954.231 Executing VM operation: RevokeBias done
Event: 954.268 Executing VM operation: RevokeBias
Event: 954.268 Executing VM operation: RevokeBias done
Event: 954.268 Executing VM operation: RevokeBias
Event: 954.268 Executing VM operation: RevokeBias done


Dynamic libraries:
0x00007ff703540000 - 0x00007ff703577000 	C:\Program Files\Java\jdk1.8.0_141\bin\java.exe
0x00007ffd4cf20000 - 0x00007ffd4d110000 	C:\WINDOWS\SYSTEM32\ntdll.dll
0x00007ffd4afd0000 - 0x00007ffd4b082000 	C:\WINDOWS\System32\KERNEL32.DLL
0x00007ffd4a300000 - 0x00007ffd4a5a3000 	C:\WINDOWS\System32\KERNELBASE.dll
0x00007ffd4bec0000 - 0x00007ffd4bf63000 	C:\WINDOWS\System32\ADVAPI32.dll
0x00007ffd4be00000 - 0x00007ffd4be9e000 	C:\WINDOWS\System32\msvcrt.dll
0x00007ffd4b390000 - 0x00007ffd4b427000 	C:\WINDOWS\System32\sechost.dll
0x00007ffd4cc10000 - 0x00007ffd4cd30000 	C:\WINDOWS\System32\RPCRT4.dll
0x00007ffd4b490000 - 0x00007ffd4b624000 	C:\WINDOWS\System32\USER32.dll
0x00007ffd49eb0000 - 0x00007ffd49ed1000 	C:\WINDOWS\System32\win32u.dll
0x00007ffd4b090000 - 0x00007ffd4b0b6000 	C:\WINDOWS\System32\GDI32.dll
0x00007ffd49f60000 - 0x00007ffd4a0f4000 	C:\WINDOWS\System32\gdi32full.dll
0x00007ffd4a640000 - 0x00007ffd4a6de000 	C:\WINDOWS\System32\msvcp_win.dll
0x00007ffd4a6e0000 - 0x00007ffd4a7da000 	C:\WINDOWS\System32\ucrtbase.dll
0x00007ffd315f0000 - 0x00007ffd31875000 	C:\WINDOWS\WinSxS\amd64_microsoft.windows.common-controls_6595b64144ccf1df_6.0.18362.592_none_e6c0b1911312be02\COMCTL32.dll
0x00007ffd4c1e0000 - 0x00007ffd4c516000 	C:\WINDOWS\System32\combase.dll
0x00007ffd49ee0000 - 0x00007ffd49f60000 	C:\WINDOWS\System32\bcryptPrimitives.dll
0x00007ffd4b960000 - 0x00007ffd4b98e000 	C:\WINDOWS\System32\IMM32.DLL
0x0000000060280000 - 0x0000000060352000 	C:\Program Files\Java\jdk1.8.0_141\jre\bin\msvcr100.dll
0x000000005f9e0000 - 0x000000006027d000 	C:\Program Files\Java\jdk1.8.0_141\jre\bin\server\jvm.dll
0x00007ffd4b2d0000 - 0x00007ffd4b2d8000 	C:\WINDOWS\System32\PSAPI.DLL
0x00007ffd1ef60000 - 0x00007ffd1ef69000 	C:\WINDOWS\SYSTEM32\WSOCK32.dll
0x00007ffd480c0000 - 0x00007ffd480e4000 	C:\WINDOWS\SYSTEM32\WINMM.dll
0x00007ffd4b8f0000 - 0x00007ffd4b95f000 	C:\WINDOWS\System32\WS2_32.dll
0x00007ffd406f0000 - 0x00007ffd406fa000 	C:\WINDOWS\SYSTEM32\VERSION.dll
0x00007ffd47c70000 - 0x00007ffd47c9d000 	C:\WINDOWS\SYSTEM32\WINMMBASE.dll
0x00007ffd4af80000 - 0x00007ffd4afca000 	C:\WINDOWS\System32\cfgmgr32.dll
0x000000005f9d0000 - 0x000000005f9df000 	C:\Program Files\Java\jdk1.8.0_141\jre\bin\verify.dll
0x000000005f9a0000 - 0x000000005f9c9000 	C:\Program Files\Java\jdk1.8.0_141\jre\bin\java.dll
0x000000005f980000 - 0x000000005f996000 	C:\Program Files\Java\jdk1.8.0_141\jre\bin\zip.dll
0x00007ffd4c520000 - 0x00007ffd4cc05000 	C:\WINDOWS\System32\SHELL32.dll
0x00007ffd4bfd0000 - 0x00007ffd4c079000 	C:\WINDOWS\System32\shcore.dll
0x00007ffd4a7e0000 - 0x00007ffd4af5f000 	C:\WINDOWS\System32\windows.storage.dll
0x00007ffd49e90000 - 0x00007ffd49eaf000 	C:\WINDOWS\System32\profapi.dll
0x00007ffd49e20000 - 0x00007ffd49e6a000 	C:\WINDOWS\System32\powrprof.dll
0x00007ffd49df0000 - 0x00007ffd49e00000 	C:\WINDOWS\System32\UMPDC.dll
0x00007ffd4b200000 - 0x00007ffd4b252000 	C:\WINDOWS\System32\shlwapi.dll
0x00007ffd49e70000 - 0x00007ffd49e81000 	C:\WINDOWS\System32\kernel.appcore.dll
0x00007ffd4af60000 - 0x00007ffd4af77000 	C:\WINDOWS\System32\cryptsp.dll
0x000000005f960000 - 0x000000005f97a000 	C:\Program Files\Java\jdk1.8.0_141\jre\bin\net.dll
0x00007ffd49660000 - 0x00007ffd496c7000 	C:\WINDOWS\system32\mswsock.dll
0x000000005f940000 - 0x000000005f951000 	C:\Program Files\Java\jdk1.8.0_141\jre\bin\nio.dll
0x00007ffd35570000 - 0x00007ffd35596000 	C:\Users\Vidya\.gradle\native\29\windows-amd64\native-platform.dll
0x000000005f930000 - 0x000000005f93d000 	C:\Program Files\Java\jdk1.8.0_141\jre\bin\management.dll
0x00007ffd491d0000 - 0x00007ffd49203000 	C:\WINDOWS\system32\rsaenh.dll
0x00007ffd4a610000 - 0x00007ffd4a636000 	C:\WINDOWS\System32\bcrypt.dll
0x00007ffd49ce0000 - 0x00007ffd49d05000 	C:\WINDOWS\SYSTEM32\USERENV.dll
0x00007ffd49830000 - 0x00007ffd4983c000 	C:\WINDOWS\SYSTEM32\CRYPTBASE.dll
0x00007ffd49370000 - 0x00007ffd493aa000 	C:\WINDOWS\SYSTEM32\IPHLPAPI.DLL
0x00007ffd4b8e0000 - 0x00007ffd4b8e8000 	C:\WINDOWS\System32\NSI.dll
0x00007ffd3fb20000 - 0x00007ffd3fb36000 	C:\WINDOWS\SYSTEM32\dhcpcsvc6.DLL
0x00007ffd3fad0000 - 0x00007ffd3faec000 	C:\WINDOWS\SYSTEM32\dhcpcsvc.DLL
0x00007ffd493b0000 - 0x00007ffd4947a000 	C:\WINDOWS\SYSTEM32\DNSAPI.dll
0x000000005f900000 - 0x000000005f924000 	C:\Program Files\Java\jdk1.8.0_141\jre\bin\sunec.dll
0x00007ffd3d950000 - 0x00007ffd3d95a000 	C:\Windows\System32\rasadhlp.dll
0x00007ffd3f780000 - 0x00007ffd3f7f7000 	C:\WINDOWS\System32\fwpuclnt.dll
0x000000005f8f0000 - 0x000000005f8fb000 	C:\Program Files\Java\jdk1.8.0_141\jre\bin\sunmscapi.dll
0x00007ffd4a100000 - 0x00007ffd4a249000 	C:\WINDOWS\System32\CRYPT32.dll
0x00007ffd49e00000 - 0x00007ffd49e12000 	C:\WINDOWS\System32\MSASN1.dll

VM Arguments:
jvm_args: -XX:MaxMetaspaceSize=256m -XX:+HeapDumpOnOutOfMemoryError -Xms256m -Xmx512m -Dfile.encoding=windows-1252 -Duser.country=IN -Duser.language=en -Duser.variant 
java_command: org.gradle.launcher.daemon.bootstrap.GradleDaemon 5.5
java_class_path (initial): C:\Users\Vidya\.gradle\wrapper\dists\gradle-5.5-all\byeise1led9a3w3p149d02kfj\gradle-5.5\lib\gradle-launcher-5.5.jar
Launcher Type: SUN_STANDARD

Environment Variables:
JAVA_HOME=C:\Program Files\Java\jdk1.8.0_141
CLASSPATH=C:\Users\Vidya\Desktop\MobileApp\Test\android\\gradle\wrapper\gradle-wrapper.jar
USERNAME=Vidya
OS=Windows_NT
PROCESSOR_IDENTIFIER=Intel64 Family 6 Model 158 Stepping 9, GenuineIntel



---------------  S Y S T E M  ---------------

OS: Windows 10.0 , 64 bit Build 18362 (10.0.18362.329)

CPU:total 4 (initial active 4) (2 cores per cpu, 2 threads per core) family 6 model 158 stepping 9, cmov, cx8, fxsr, mmx, sse, sse2, sse3, ssse3, sse4.1, sse4.2, popcnt, avx, avx2, aes, clmul, erms, 3dnowpref, lzcnt, ht, tsc, tscinvbit, bmi1, bmi2, adx

Memory: 4k page, physical 8298936k(1117232k free), swap 33464760k(3540k free)

vm_info: Java HotSpot(TM) 64-Bit Server VM (25.141-b15) for windows-amd64 JRE (1.8.0_141-b15), built on Jul 12 2017 04:25:12 by "java_re" with MS VC++ 10.0 (VS2010)

time: Mon Feb 03 12:16:55 2020
elapsed time: 954 seconds (0d 0h 15m 54s)

