#
# There is insufficient memory for the Java Runtime Environment to continue.
# Native memory allocation (malloc) failed to allocate 32744 bytes for ChunkPool::allocate
# Possible reasons:
#   The system is out of physical RAM or swap space
#   In 32 bit mode, the process size limit was hit
# Possible solutions:
#   Reduce memory load on the system
#   Increase physical memory or swap space
#   Check if swap backing store is full
#   Use 64 bit Java on a 64 bit OS
#   Decrease Java heap size (-Xmx/-Xms)
#   Decrease number of Java threads
#   Decrease Java thread stack sizes (-Xss)
#   Set larger code cache with -XX:ReservedCodeCacheSize=
# This output file may be truncated or incomplete.
#
#  Out of Memory Error (allocation.cpp:273), pid=11388, tid=0x0000000000002720
#
# JRE version: Java(TM) SE Runtime Environment (8.0_141-b15) (build 1.8.0_141-b15)
# Java VM: Java HotSpot(TM) 64-Bit Server VM (25.141-b15 mixed mode windows-amd64 compressed oops)
# Failed to write core dump. Minidumps are not enabled by default on client versions of Windows
#

---------------  T H R E A D  ---------------

Current thread (0x0000000013672000):  JavaThread "C1 CompilerThread2" daemon [_thread_in_vm, id=10016, stack(0x0000000014ec0000,0x0000000014fc0000)]

Stack: [0x0000000014ec0000,0x0000000014fc0000]
[error occurred during error reporting (printing stack bounds), id 0xc0000005]

Native frames: (J=compiled Java code, j=interpreted, Vv=VM code, C=native code)


Current CompileTask:
C1:  19225  841       3       org.fusesource.jansi.Ansi::flushAttributes (94 bytes)


---------------  P R O C E S S  ---------------

Java Threads: ( => current thread )
  0x0000000015a51000 JavaThread "Forward input" [_thread_blocked, id=10964, stack(0x00000000175d0000,0x00000000176d0000)]
  0x0000000015a4f000 JavaThread "DisconnectableInputStream source reader" daemon [_thread_in_native, id=10152, stack(0x00000000174d0000,0x00000000175d0000)]
  0x0000000015c6c800 JavaThread "pool-1-thread-1" [_thread_blocked, id=11116, stack(0x0000000016100000,0x0000000016200000)]
  0x0000000014fec000 JavaThread "Service Thread" daemon [_thread_blocked, id=11508, stack(0x00000000153c0000,0x00000000154c0000)]
=>0x0000000013672000 JavaThread "C1 CompilerThread2" daemon [_thread_in_vm, id=10016, stack(0x0000000014ec0000,0x0000000014fc0000)]
  0x0000000013665000 JavaThread "C2 CompilerThread1" daemon [_thread_blocked, id=4344, stack(0x0000000014dc0000,0x0000000014ec0000)]
  0x000000001365f800 JavaThread "C2 CompilerThread0" daemon [_thread_blocked, id=11632, stack(0x0000000014cc0000,0x0000000014dc0000)]
  0x000000001365e000 JavaThread "Attach Listener" daemon [_thread_blocked, id=13176, stack(0x0000000014bc0000,0x0000000014cc0000)]
  0x000000001365d800 JavaThread "Signal Dispatcher" daemon [_thread_blocked, id=7956, stack(0x0000000014ac0000,0x0000000014bc0000)]
  0x0000000013649800 JavaThread "Finalizer" daemon [_thread_blocked, id=11748, stack(0x00000000148c0000,0x00000000149c0000)]
  0x00000000032f2000 JavaThread "Reference Handler" daemon [_thread_blocked, id=9384, stack(0x00000000147c0000,0x00000000148c0000)]
  0x0000000003202800 JavaThread "main" [_thread_in_native, id=1420, stack(0x0000000003090000,0x0000000003190000)]

Other Threads:
  0x0000000013627000 VMThread [stack: 0x00000000146c0000,0x00000000147c0000] [id=11308]
  0x0000000014ff1000 WatcherThread [stack: 0x00000000154c0000,0x00000000155c0000] [id=11464]

VM state:not at safepoint (normal execution)

VM Mutex/Monitor currently owned by a thread: None

Heap:
 PSYoungGen      total 18944K, used 7435K [0x00000000feb00000, 0x0000000100000000, 0x0000000100000000)
  eden space 16384K, 29% used [0x00000000feb00000,0x00000000fefcae68,0x00000000ffb00000)
  from space 2560K, 98% used [0x00000000ffd80000,0x00000000ffff8020,0x0000000100000000)
  to   space 2560K, 0% used [0x00000000ffb00000,0x00000000ffb00000,0x00000000ffd80000)
 ParOldGen       total 44032K, used 1585K [0x00000000fc000000, 0x00000000feb00000, 0x00000000feb00000)
  object space 44032K, 3% used [0x00000000fc000000,0x00000000fc18c550,0x00000000feb00000)
 Metaspace       used 10703K, capacity 11026K, committed 11264K, reserved 1058816K
  class space    used 1443K, capacity 1527K, committed 1536K, reserved 1048576K

Card table byte_map: [0x00000000013e0000,0x0000000001410000] byte_map_base: 0x0000000000c00000

Marking Bits: (ParMarkBitMap*) 0x000000006458d850
 Begin Bits: [0x0000000012ac0000, 0x0000000012bc0000)
 End Bits:   [0x0000000012bc0000, 0x0000000012cc0000)

Polling page: 0x0000000000fe0000

CodeCache: size=245760Kb used=3097Kb max_used=3097Kb free=242662Kb
 bounds [0x0000000003300000, 0x0000000003610000, 0x0000000012300000]
 total_blobs=1202 nmethods=840 adapters=275
 compilation: enabled

Compilation events (10 events):
Event: 16.923 Thread 0x0000000013672000 nmethod 835 0x0000000003605ad0 code [0x0000000003605c20, 0x0000000003605d30]
Event: 17.122 Thread 0x0000000013672000  836       1       org.gradle.internal.logging.console.ProgressOperation::getCategory (5 bytes)
Event: 17.123 Thread 0x0000000013672000 nmethod 836 0x0000000003605d90 code [0x0000000003605ee0, 0x0000000003605ff0]
Event: 17.923 Thread 0x0000000013672000  837       3       java.util.AbstractList::listIterator (6 bytes)
Event: 17.923 Thread 0x0000000013672000 nmethod 837 0x0000000003606050 code [0x00000000036061c0, 0x00000000036063e8]
Event: 18.523 Thread 0x0000000013672000  839       3       java.util.concurrent.locks.LockSupport::parkNanos (29 bytes)
Event: 18.523 Thread 0x0000000013672000 nmethod 839 0x0000000003606810 code [0x0000000003606980, 0x0000000003606d08]
Event: 18.622 Thread 0x0000000013672000  840       3       java.util.concurrent.locks.AbstractQueuedSynchronizer$ConditionObject::checkInterruptWhileWaiting (27 bytes)
Event: 18.622 Thread 0x0000000013672000 nmethod 840 0x0000000003606e10 code [0x0000000003606fe0, 0x0000000003607638]
Event: 19.223 Thread 0x0000000013672000  841       3       org.fusesource.jansi.Ansi::flushAttributes (94 bytes)

GC Heap History (4 events):
Event: 2.586 GC heap before
{Heap before GC invocations=1 (full 0):
 PSYoungGen      total 18944K, used 16384K [0x00000000feb00000, 0x0000000100000000, 0x0000000100000000)
  eden space 16384K, 100% used [0x00000000feb00000,0x00000000ffb00000,0x00000000ffb00000)
  from space 2560K, 0% used [0x00000000ffd80000,0x00000000ffd80000,0x0000000100000000)
  to   space 2560K, 0% used [0x00000000ffb00000,0x00000000ffb00000,0x00000000ffd80000)
 ParOldGen       total 44032K, used 0K [0x00000000fc000000, 0x00000000feb00000, 0x00000000feb00000)
  object space 44032K, 0% used [0x00000000fc000000,0x00000000fc000000,0x00000000feb00000)
 Metaspace       used 5807K, capacity 6032K, committed 6272K, reserved 1056768K
  class space    used 740K, capacity 800K, committed 896K, reserved 1048576K
Event: 2.596 GC heap after
Heap after GC invocations=1 (full 0):
 PSYoungGen      total 18944K, used 2549K [0x00000000feb00000, 0x0000000100000000, 0x0000000100000000)
  eden space 16384K, 0% used [0x00000000feb00000,0x00000000feb00000,0x00000000ffb00000)
  from space 2560K, 99% used [0x00000000ffb00000,0x00000000ffd7d6d0,0x00000000ffd80000)
  to   space 2560K, 0% used [0x00000000ffd80000,0x00000000ffd80000,0x0000000100000000)
 ParOldGen       total 44032K, used 264K [0x00000000fc000000, 0x00000000feb00000, 0x00000000feb00000)
  object space 44032K, 0% used [0x00000000fc000000,0x00000000fc0422f0,0x00000000feb00000)
 Metaspace       used 5807K, capacity 6032K, committed 6272K, reserved 1056768K
  class space    used 740K, capacity 800K, committed 896K, reserved 1048576K
}
Event: 4.489 GC heap before
{Heap before GC invocations=2 (full 0):
 PSYoungGen      total 18944K, used 18933K [0x00000000feb00000, 0x0000000100000000, 0x0000000100000000)
  eden space 16384K, 100% used [0x00000000feb00000,0x00000000ffb00000,0x00000000ffb00000)
  from space 2560K, 99% used [0x00000000ffb00000,0x00000000ffd7d6d0,0x00000000ffd80000)
  to   space 2560K, 0% used [0x00000000ffd80000,0x00000000ffd80000,0x0000000100000000)
 ParOldGen       total 44032K, used 264K [0x00000000fc000000, 0x00000000feb00000, 0x00000000feb00000)
  object space 44032K, 0% used [0x00000000fc000000,0x00000000fc0422f0,0x00000000feb00000)
 Metaspace       used 9391K, capacity 9628K, committed 9856K, reserved 1058816K
  class space    used 1265K, capacity 1356K, committed 1408K, reserved 1048576K
Event: 4.492 GC heap after
Heap after GC invocations=2 (full 0):
 PSYoungGen      total 18944K, used 2528K [0x00000000feb00000, 0x0000000100000000, 0x0000000100000000)
  eden space 16384K, 0% used [0x00000000feb00000,0x00000000feb00000,0x00000000ffb00000)
  from space 2560K, 98% used [0x00000000ffd80000,0x00000000ffff8020,0x0000000100000000)
  to   space 2560K, 0% used [0x00000000ffb00000,0x00000000ffb00000,0x00000000ffd80000)
 ParOldGen       total 44032K, used 1585K [0x00000000fc000000, 0x00000000feb00000, 0x00000000feb00000)
  object space 44032K, 3% used [0x00000000fc000000,0x00000000fc18c550,0x00000000feb00000)
 Metaspace       used 9391K, capacity 9628K, committed 9856K, reserved 1058816K
  class space    used 1265K, capacity 1356K, committed 1408K, reserved 1048576K
}

Deoptimization events (5 events):
Event: 1.653 Thread 0x0000000003202800 Uncommon trap: reason=unstable_if action=reinterpret pc=0x00000000034877a8 method=java.lang.String.startsWith(Ljava/lang/String;I)Z @ 25
Event: 4.314 Thread 0x0000000003202800 Uncommon trap: reason=unstable_if action=reinterpret pc=0x000000000358afa8 method=java.util.HashMap.hash(Ljava/lang/Object;)I @ 1
Event: 4.314 Thread 0x0000000003202800 Uncommon trap: reason=unstable_if action=reinterpret pc=0x000000000358b468 method=java.util.HashMap.hash(Ljava/lang/Object;)I @ 1
Event: 4.482 Thread 0x0000000003202800 Uncommon trap: reason=unstable_if action=reinterpret pc=0x000000000356e0bc method=java.util.HashMap.getNode(ILjava/lang/Object;)Ljava/util/HashMap$Node; @ 129
Event: 4.482 Thread 0x0000000003202800 Uncommon trap: reason=bimorphic action=maybe_recompile pc=0x00000000035915cc method=java.util.HashMap.putVal(ILjava/lang/Object;Ljava/lang/Object;ZZ)Ljava/lang/Object; @ 203

Internal exceptions (10 events):
Event: 4.314 Thread 0x0000000003202800 Implicit null exception at 0x000000000358b3ef to 0x000000000358b459
Event: 4.329 Thread 0x0000000003202800 Exception <a 'java/lang/ArrayIndexOutOfBoundsException'> (0x00000000ff5632c8) thrown at [C:\re\workspace\8-2-build-windows-amd64-cygwin\jdk8u141\9370\hotspot\src\share\vm\runtime\sharedRuntime.cpp, line 605]
Event: 4.330 Thread 0x0000000003202800 Exception <a 'java/lang/ArrayIndexOutOfBoundsException'> (0x00000000ff5672f0) thrown at [C:\re\workspace\8-2-build-windows-amd64-cygwin\jdk8u141\9370\hotspot\src\share\vm\runtime\sharedRuntime.cpp, line 605]
Event: 4.346 Thread 0x0000000003202800 Exception <a 'java/lang/ArrayIndexOutOfBoundsException'> (0x00000000ff5d7d50) thrown at [C:\re\workspace\8-2-build-windows-amd64-cygwin\jdk8u141\9370\hotspot\src\share\vm\runtime\sharedRuntime.cpp, line 605]
Event: 4.347 Thread 0x0000000003202800 Exception <a 'java/lang/ArrayIndexOutOfBoundsException'> (0x00000000ff5d9118) thrown at [C:\re\workspace\8-2-build-windows-amd64-cygwin\jdk8u141\9370\hotspot\src\share\vm\runtime\sharedRuntime.cpp, line 605]
Event: 4.347 Thread 0x0000000003202800 Exception <a 'java/lang/ArrayIndexOutOfBoundsException'> (0x00000000ff5da7f0) thrown at [C:\re\workspace\8-2-build-windows-amd64-cygwin\jdk8u141\9370\hotspot\src\share\vm\runtime\sharedRuntime.cpp, line 605]
Event: 4.347 Thread 0x0000000003202800 Exception <a 'java/lang/ArrayIndexOutOfBoundsException'> (0x00000000ff5db8d0) thrown at [C:\re\workspace\8-2-build-windows-amd64-cygwin\jdk8u141\9370\hotspot\src\share\vm\runtime\sharedRuntime.cpp, line 605]
Event: 4.347 Thread 0x0000000003202800 Exception <a 'java/lang/ArrayIndexOutOfBoundsException'> (0x00000000ff5def28) thrown at [C:\re\workspace\8-2-build-windows-amd64-cygwin\jdk8u141\9370\hotspot\src\share\vm\runtime\sharedRuntime.cpp, line 605]
Event: 4.435 Thread 0x0000000003202800 Exception <a 'java/lang/NoSuchFieldError': method resolution failed> (0x00000000ff7d1c18) thrown at [C:\re\workspace\8-2-build-windows-amd64-cygwin\jdk8u141\9370\hotspot\src\share\vm\prims\methodHandles.cpp, line 1146]
Event: 4.436 Thread 0x0000000003202800 Exception <a 'java/lang/NoSuchFieldError': method resolution failed> (0x00000000ff7df6d8) thrown at [C:\re\workspace\8-2-build-windows-amd64-cygwin\jdk8u141\9370\hotspot\src\share\vm\prims\methodHandles.cpp, line 1146]

Events (10 events):
Event: 10.725 loading class com/google/common/primitives/Ints
Event: 10.725 loading class com/google/common/primitives/Ints done
Event: 10.743 loading class com/google/common/base/Converter
Event: 10.743 loading class com/google/common/base/Converter done
Event: 10.743 loading class com/google/common/primitives/Ints$IntConverter
Event: 10.743 loading class com/google/common/primitives/Ints$IntConverter done
Event: 10.824 loading class java/util/ArrayList$ListItr
Event: 10.837 loading class java/util/ArrayList$ListItr done
Event: 10.837 Executing VM operation: Deoptimize
Event: 10.837 Executing VM operation: Deoptimize done


Dynamic libraries:
0x00007ff76d8e0000 - 0x00007ff76d917000 	C:\Program Files\Java\jdk1.8.0_141\bin\java.exe
0x00007ff9063a0000 - 0x00007ff906590000 	C:\WINDOWS\SYSTEM32\ntdll.dll
0x00007ff9057a0000 - 0x00007ff905852000 	C:\WINDOWS\System32\KERNEL32.DLL
0x00007ff903ff0000 - 0x00007ff904293000 	C:\WINDOWS\System32\KERNELBASE.dll
0x00007ff904470000 - 0x00007ff904513000 	C:\WINDOWS\System32\ADVAPI32.dll
0x00007ff904960000 - 0x00007ff9049fe000 	C:\WINDOWS\System32\msvcrt.dll
0x00007ff904a10000 - 0x00007ff904aa7000 	C:\WINDOWS\System32\sechost.dll
0x00007ff905430000 - 0x00007ff905550000 	C:\WINDOWS\System32\RPCRT4.dll
0x00007ff904520000 - 0x00007ff9046b4000 	C:\WINDOWS\System32\USER32.dll
0x00007ff9042a0000 - 0x00007ff9042c1000 	C:\WINDOWS\System32\win32u.dll
0x00007ff905770000 - 0x00007ff905796000 	C:\WINDOWS\System32\GDI32.dll
0x00007ff903c40000 - 0x00007ff903dd4000 	C:\WINDOWS\System32\gdi32full.dll
0x00007ff903f30000 - 0x00007ff903fce000 	C:\WINDOWS\System32\msvcp_win.dll
0x00007ff9042d0000 - 0x00007ff9043ca000 	C:\WINDOWS\System32\ucrtbase.dll
0x00007ff8f62a0000 - 0x00007ff8f6525000 	C:\WINDOWS\WinSxS\amd64_microsoft.windows.common-controls_6595b64144ccf1df_6.0.18362.592_none_e6c0b1911312be02\COMCTL32.dll
0x00007ff905b00000 - 0x00007ff905e36000 	C:\WINDOWS\System32\combase.dll
0x00007ff9043d0000 - 0x00007ff904450000 	C:\WINDOWS\System32\bcryptPrimitives.dll
0x00007ff904790000 - 0x00007ff9047be000 	C:\WINDOWS\System32\IMM32.DLL
0x0000000064b60000 - 0x0000000064c32000 	C:\Program Files\Java\jdk1.8.0_141\jre\bin\msvcr100.dll
0x0000000063d70000 - 0x000000006460d000 	C:\Program Files\Java\jdk1.8.0_141\jre\bin\server\jvm.dll
0x00007ff9058e0000 - 0x00007ff9058e8000 	C:\WINDOWS\System32\PSAPI.DLL
0x00007ff8f9e10000 - 0x00007ff8f9e1a000 	C:\WINDOWS\SYSTEM32\VERSION.dll
0x00007ff900b90000 - 0x00007ff900bb4000 	C:\WINDOWS\SYSTEM32\WINMM.dll
0x00007ff8c6850000 - 0x00007ff8c6859000 	C:\WINDOWS\SYSTEM32\WSOCK32.dll
0x00007ff904cc0000 - 0x00007ff904d2f000 	C:\WINDOWS\System32\WS2_32.dll
0x00007ff9004a0000 - 0x00007ff9004cd000 	C:\WINDOWS\SYSTEM32\WINMMBASE.dll
0x00007ff903330000 - 0x00007ff90337a000 	C:\WINDOWS\System32\cfgmgr32.dll
0x0000000064b50000 - 0x0000000064b5f000 	C:\Program Files\Java\jdk1.8.0_141\jre\bin\verify.dll
0x0000000064b20000 - 0x0000000064b49000 	C:\Program Files\Java\jdk1.8.0_141\jre\bin\java.dll
0x0000000064b00000 - 0x0000000064b16000 	C:\Program Files\Java\jdk1.8.0_141\jre\bin\zip.dll
0x00007ff904d40000 - 0x00007ff905425000 	C:\WINDOWS\System32\SHELL32.dll
0x00007ff905a50000 - 0x00007ff905af9000 	C:\WINDOWS\System32\shcore.dll
0x00007ff9033e0000 - 0x00007ff903b5f000 	C:\WINDOWS\System32\windows.storage.dll
0x00007ff903280000 - 0x00007ff90329f000 	C:\WINDOWS\System32\profapi.dll
0x00007ff9032e0000 - 0x00007ff90332a000 	C:\WINDOWS\System32\powrprof.dll
0x00007ff903270000 - 0x00007ff903280000 	C:\WINDOWS\System32\UMPDC.dll
0x00007ff9046c0000 - 0x00007ff904712000 	C:\WINDOWS\System32\shlwapi.dll
0x00007ff9032c0000 - 0x00007ff9032d1000 	C:\WINDOWS\System32\kernel.appcore.dll
0x00007ff903fd0000 - 0x00007ff903fe7000 	C:\WINDOWS\System32\cryptsp.dll
0x0000000064ae0000 - 0x0000000064afa000 	C:\Program Files\Java\jdk1.8.0_141\jre\bin\net.dll
0x00007ff902ae0000 - 0x00007ff902b47000 	C:\WINDOWS\system32\mswsock.dll
0x0000000064ac0000 - 0x0000000064ad1000 	C:\Program Files\Java\jdk1.8.0_141\jre\bin\nio.dll
0x00007ff8cc430000 - 0x00007ff8cc456000 	C:\Users\Vidya\.gradle\native\29\windows-amd64\native-platform.dll
0x00007ff902650000 - 0x00007ff902683000 	C:\WINDOWS\system32\rsaenh.dll
0x00007ff903c10000 - 0x00007ff903c36000 	C:\WINDOWS\System32\bcrypt.dll
0x00007ff903190000 - 0x00007ff9031b5000 	C:\WINDOWS\SYSTEM32\USERENV.dll
0x00007ff902cb0000 - 0x00007ff902cbc000 	C:\WINDOWS\SYSTEM32\CRYPTBASE.dll
0x00007ff9027f0000 - 0x00007ff90282a000 	C:\WINDOWS\SYSTEM32\IPHLPAPI.DLL
0x00007ff904d30000 - 0x00007ff904d38000 	C:\WINDOWS\System32\NSI.dll
0x00007ff8f8070000 - 0x00007ff8f8086000 	C:\WINDOWS\SYSTEM32\dhcpcsvc6.DLL
0x00007ff8f8050000 - 0x00007ff8f806c000 	C:\WINDOWS\SYSTEM32\dhcpcsvc.DLL
0x00007ff902830000 - 0x00007ff9028fa000 	C:\WINDOWS\SYSTEM32\DNSAPI.dll
0x00007ff900c20000 - 0x00007ff900c2a000 	C:\Users\Vidya\.gradle\native\jansi\1.17.1\windows64\jansi-1.17.1-5067817317985972799.dll
0x00007ff900bc0000 - 0x00007ff900bca000 	C:\Users\Vidya\.gradle\native\jansi\1.17.1\windows64\jansi-1.17.1-5493816951906923289.dll
0x0000000064ab0000 - 0x0000000064abd000 	C:\Program Files\Java\jdk1.8.0_141\jre\bin\management.dll

VM Arguments:
jvm_args: -Xmx64m -Xms64m -Dorg.gradle.appname=gradlew 
java_command: org.gradle.wrapper.GradleWrapperMain app:installDebug -PreactNativeDevServerPort=8081
java_class_path (initial): C:\Users\Vidya\Desktop\MobileApp\Test\android\\gradle\wrapper\gradle-wrapper.jar
Launcher Type: SUN_STANDARD

Environment Variables:
JAVA_HOME=C:\Program Files\Java\jdk1.8.0_141
CLASSPATH=C:\Users\Vidya\Desktop\MobileApp\Test\android\\gradle\wrapper\gradle-wrapper.jar
USERNAME=Vidya
OS=Windows_NT
PROCESSOR_IDENTIFIER=Intel64 Family 6 Model 158 Stepping 9, GenuineIntel



---------------  S Y S T E M  ---------------

OS: Windows 10.0 , 64 bit Build 18362 (10.0.18362.329)

CPU:total 4 (initial active 4) (2 cores per cpu, 2 threads per core) family 6 model 158 stepping 9, cmov, cx8, fxsr, mmx, sse, sse2, sse3, ssse3, sse4.1, sse4.2, popcnt, avx, avx2, aes, clmul, erms, 3dnowpref, lzcnt, ht, tsc, tscinvbit, bmi1, bmi2, adx

Memory: 4k page, physical 8298936k(1920112k free), swap 33464760k(452k free)

vm_info: Java HotSpot(TM) 64-Bit Server VM (25.141-b15) for windows-amd64 JRE (1.8.0_141-b15), built on Jul 12 2017 04:25:12 by "java_re" with MS VC++ 10.0 (VS2010)

time: Sat Feb 08 16:37:16 2020
elapsed time: 19 seconds (0d 0h 0m 19s)

